28 Nov 2015 14:59:38 [main] TRACE  - __________________________________________________________________
28 Nov 2015 14:59:38 [main] TRACE  - | OBJECT_ID| PARENT_ID| OBJECT_TYPE_ID| NAME         | DESCRIPTION|
28 Nov 2015 14:59:38 [main] TRACE  - |=================================================================|
28 Nov 2015 14:59:38 [main] TRACE  - | 1        | null     | 1             | Odessa       | null       |
28 Nov 2015 14:59:38 [main] TRACE  - | 2        | 1        | 2             | Odessa Office| null       |
28 Nov 2015 14:59:38 [main] TRACE  - | 3        | null     | 3             | Petrov Petr  | null       |
28 Nov 2015 14:59:38 [main] TRACE  - | 4        | null     | 3             | Sidorov Sidor| null       |
28 Nov 2015 14:59:38 [main] TRACE  - | 5        | null     | 4             | Ivaniv Ivan  | null       |
28 Nov 2015 14:59:39 [main] TRACE  - ___________________________________________________________________
28 Nov 2015 14:59:39 [main] TRACE  - | ATTR_ID| OBJECT_TYPE_ID| OBJECT_TYPE_ID_REF| CODE    | NAME      |
28 Nov 2015 14:59:39 [main] TRACE  - |==================================================================|
28 Nov 2015 14:59:39 [main] TRACE  - | 1      | 1             | null              | NAME    | Name      |
28 Nov 2015 14:59:39 [main] TRACE  - | 2      | 2             | null              | NAME    | Name      |
28 Nov 2015 14:59:39 [main] TRACE  - | 3      | 3             | null              | NAME    | SecondName|
28 Nov 2015 14:59:39 [main] TRACE  - | 4      | 3             | null              | SAL     | Salary    |
28 Nov 2015 14:59:39 [main] TRACE  - | 5      | 3             | null              | JOB     | Job       |
28 Nov 2015 14:59:39 [main] TRACE  - | 6      | 3             | null              | HIREDATE| Hire Date |
28 Nov 2015 14:59:39 [main] TRACE  - | 7      | 3             | 2                 | WORK    | Work      |
28 Nov 2015 14:59:39 [main] TRACE  - | 8      | 3             | 4                 | MANAGE  | Manage    |
28 Nov 2015 14:59:40 [main] TRACE  - __________________________________________________________
28 Nov 2015 14:59:40 [main] TRACE  - | OBJECT_TYPE_ID| PARENT_ID| CODE| NAME      | DESCRIPTION|
28 Nov 2015 14:59:40 [main] TRACE  - |=========================================================|
28 Nov 2015 14:59:40 [main] TRACE  - | 1             | null     | LOC | Location  | null       |
28 Nov 2015 14:59:40 [main] TRACE  - | 2             | 1        | DEPT| Department| null       |
28 Nov 2015 14:59:40 [main] TRACE  - | 3             | null     | EMP | Employee  | null       |
28 Nov 2015 14:59:40 [main] TRACE  - | 4             | 3        | MGR | Manager   | null       |
28 Nov 2015 14:59:40 [main] INFO   - 0 selected row
28 Nov 2015 14:59:41 [main] TRACE  - _______________________________
28 Nov 2015 14:59:41 [main] TRACE  - | ATTR_ID| REFERENCE| OBJECT_ID|
28 Nov 2015 14:59:41 [main] TRACE  - |==============================|
28 Nov 2015 14:59:41 [main] TRACE  - | 7      | 2        | 3        |
28 Nov 2015 14:59:41 [main] TRACE  - | 7      | 2        | 4        |
28 Nov 2015 14:59:41 [main] TRACE  - | 7      | 2        | 5        |
28 Nov 2015 14:59:41 [main] TRACE  - | 8      | 3        | 4        |
28 Nov 2015 14:59:41 [main] TRACE  - | 8      | 3        | 5        |
28 Nov 2015 14:59:48 [main] TRACE  - __________________________________________________________________
28 Nov 2015 14:59:48 [main] TRACE  - | OBJECT_ID| PARENT_ID| OBJECT_TYPE_ID| NAME         | DESCRIPTION|
28 Nov 2015 14:59:48 [main] TRACE  - |=================================================================|
28 Nov 2015 14:59:48 [main] TRACE  - | 1        | null     | 1             | Odessa       | null       |
28 Nov 2015 14:59:48 [main] TRACE  - | 2        | 1        | 2             | Odessa Office| null       |
28 Nov 2015 14:59:48 [main] TRACE  - | 3        | null     | 3             | Petrov Petr  | null       |
28 Nov 2015 14:59:48 [main] TRACE  - | 4        | null     | 3             | Sidorov Sidor| null       |
28 Nov 2015 14:59:48 [main] TRACE  - | 5        | null     | 4             | Ivaniv Ivan  | null       |
28 Nov 2015 15:00:37 [main] INFO   - insert(ed) 1 row(s)
28 Nov 2015 15:00:43 [main] TRACE  - __________________________________________________________________
28 Nov 2015 15:00:43 [main] TRACE  - | OBJECT_ID| PARENT_ID| OBJECT_TYPE_ID| NAME         | DESCRIPTION|
28 Nov 2015 15:00:43 [main] TRACE  - |=================================================================|
28 Nov 2015 15:00:43 [main] TRACE  - | 1        | null     | 1             | Odessa       | null       |
28 Nov 2015 15:00:43 [main] TRACE  - | 2        | 1        | 2             | Odessa Office| null       |
28 Nov 2015 15:00:43 [main] TRACE  - | 3        | null     | 3             | Petrov Petr  | null       |
28 Nov 2015 15:00:43 [main] TRACE  - | 4        | null     | 3             | Sidorov Sidor| null       |
28 Nov 2015 15:00:43 [main] TRACE  - | 5        | null     | 4             | Ivaniv Ivan  | null       |
28 Nov 2015 15:00:43 [main] TRACE  - | 6        | null     | 4             | Ivanchenko   | null       |
28 Nov 2015 15:03:53 [main] TRACE  - __________________________________________________________________
28 Nov 2015 15:03:53 [main] TRACE  - | OBJECT_ID| PARENT_ID| OBJECT_TYPE_ID| NAME         | DESCRIPTION|
28 Nov 2015 15:03:53 [main] TRACE  - |=================================================================|
28 Nov 2015 15:03:53 [main] TRACE  - | 1        | null     | 1             | Odessa       | null       |
28 Nov 2015 15:03:53 [main] TRACE  - | 2        | 1        | 2             | Odessa Office| null       |
28 Nov 2015 15:03:53 [main] TRACE  - | 3        | null     | 3             | Petrov Petr  | null       |
28 Nov 2015 15:03:53 [main] TRACE  - | 4        | null     | 3             | Sidorov Sidor| null       |
28 Nov 2015 15:03:53 [main] TRACE  - | 5        | null     | 4             | Ivaniv Ivan  | null       |
28 Nov 2015 15:03:53 [main] TRACE  - | 6        | null     | 4             | Ivanchenko   | null       |
28 Nov 2015 15:03:54 [main] TRACE  - ___________________________________________________________________
28 Nov 2015 15:03:54 [main] TRACE  - | ATTR_ID| OBJECT_TYPE_ID| OBJECT_TYPE_ID_REF| CODE    | NAME      |
28 Nov 2015 15:03:54 [main] TRACE  - |==================================================================|
28 Nov 2015 15:03:54 [main] TRACE  - | 1      | 1             | null              | NAME    | Name      |
28 Nov 2015 15:03:54 [main] TRACE  - | 2      | 2             | null              | NAME    | Name      |
28 Nov 2015 15:03:54 [main] TRACE  - | 3      | 3             | null              | NAME    | SecondName|
28 Nov 2015 15:03:54 [main] TRACE  - | 4      | 3             | null              | SAL     | Salary    |
28 Nov 2015 15:03:54 [main] TRACE  - | 5      | 3             | null              | JOB     | Job       |
28 Nov 2015 15:03:54 [main] TRACE  - | 6      | 3             | null              | HIREDATE| Hire Date |
28 Nov 2015 15:03:54 [main] TRACE  - | 7      | 3             | 2                 | WORK    | Work      |
28 Nov 2015 15:03:54 [main] TRACE  - | 8      | 3             | 4                 | MANAGE  | Manage    |
28 Nov 2015 15:03:55 [main] TRACE  - __________________________________________________________
28 Nov 2015 15:03:55 [main] TRACE  - | OBJECT_TYPE_ID| PARENT_ID| CODE| NAME      | DESCRIPTION|
28 Nov 2015 15:03:55 [main] TRACE  - |=========================================================|
28 Nov 2015 15:03:55 [main] TRACE  - | 1             | null     | LOC | Location  | null       |
28 Nov 2015 15:03:55 [main] TRACE  - | 2             | 1        | DEPT| Department| null       |
28 Nov 2015 15:03:55 [main] TRACE  - | 3             | null     | EMP | Employee  | null       |
28 Nov 2015 15:03:55 [main] TRACE  - | 4             | 3        | MGR | Manager   | null       |
28 Nov 2015 15:03:56 [main] INFO   - 0 selected row
28 Nov 2015 15:03:57 [main] TRACE  - _______________________________
28 Nov 2015 15:03:57 [main] TRACE  - | ATTR_ID| REFERENCE| OBJECT_ID|
28 Nov 2015 15:03:57 [main] TRACE  - |==============================|
28 Nov 2015 15:03:57 [main] TRACE  - | 7      | 2        | 3        |
28 Nov 2015 15:03:57 [main] TRACE  - | 7      | 2        | 4        |
28 Nov 2015 15:03:57 [main] TRACE  - | 7      | 2        | 5        |
28 Nov 2015 15:03:57 [main] TRACE  - | 8      | 3        | 4        |
28 Nov 2015 15:03:57 [main] TRACE  - | 8      | 3        | 5        |
28 Nov 2015 15:04:04 [main] INFO   - insert(ed) 1 row(s)
28 Nov 2015 15:04:07 [main] TRACE  - __________________________________________________________________
28 Nov 2015 15:04:07 [main] TRACE  - | OBJECT_ID| PARENT_ID| OBJECT_TYPE_ID| NAME         | DESCRIPTION|
28 Nov 2015 15:04:07 [main] TRACE  - |=================================================================|
28 Nov 2015 15:04:07 [main] TRACE  - | 1        | null     | 1             | Odessa       | null       |
28 Nov 2015 15:04:07 [main] TRACE  - | 2        | 1        | 2             | Odessa Office| null       |
28 Nov 2015 15:04:07 [main] TRACE  - | 3        | null     | 3             | Petrov Petr  | null       |
28 Nov 2015 15:04:07 [main] TRACE  - | 4        | null     | 3             | Sidorov Sidor| null       |
28 Nov 2015 15:04:07 [main] TRACE  - | 5        | null     | 4             | Ivaniv Ivan  | null       |
28 Nov 2015 15:04:07 [main] TRACE  - | 6        | null     | 4             | Ivanchenko   | null       |
28 Nov 2015 15:04:07 [main] TRACE  - | 7        | null     | 4             | Ivanchenko   | null       |
